<?xml version="1.0" encoding="UTF-8"?>
<testsuite xmlns:xsi="http://www.w3.org/2001/XMLSchema-instance" xsi:noNamespaceSchemaLocation="https://maven.apache.org/surefire/maven-surefire-plugin/xsd/surefire-test-report.xsd" name="mankings.cbd.lab3.AppTest" time="0.075" tests="1" errors="0" skipped="0" failures="0">
  <properties>
    <property name="java.specification.version" value="17"/>
    <property name="sun.jnu.encoding" value="UTF-8"/>
    <property name="java.class.path" value="/home/mankings/Documents/CBD/Lab-3/103341/ex3/target/test-classes:/home/mankings/Documents/CBD/Lab-3/103341/ex3/target/classes:/home/mankings/.m2/repository/junit/junit/4.11/junit-4.11.jar:/home/mankings/.m2/repository/org/hamcrest/hamcrest-core/1.3/hamcrest-core-1.3.jar:/home/mankings/.m2/repository/com/datastax/cassandra/cassandra-driver-core/3.0.8/cassandra-driver-core-3.0.8.jar:/home/mankings/.m2/repository/io/netty/netty-handler/4.0.37.Final/netty-handler-4.0.37.Final.jar:/home/mankings/.m2/repository/io/netty/netty-buffer/4.0.37.Final/netty-buffer-4.0.37.Final.jar:/home/mankings/.m2/repository/io/netty/netty-common/4.0.37.Final/netty-common-4.0.37.Final.jar:/home/mankings/.m2/repository/io/netty/netty-transport/4.0.37.Final/netty-transport-4.0.37.Final.jar:/home/mankings/.m2/repository/io/netty/netty-codec/4.0.37.Final/netty-codec-4.0.37.Final.jar:/home/mankings/.m2/repository/com/google/guava/guava/16.0.1/guava-16.0.1.jar:/home/mankings/.m2/repository/io/dropwizard/metrics/metrics-core/3.1.2/metrics-core-3.1.2.jar:/home/mankings/.m2/repository/org/slf4j/slf4j-api/1.7.7/slf4j-api-1.7.7.jar:/home/mankings/.m2/repository/com/datastax/cassandra/cassandra-driver-mapping/3.0.8/cassandra-driver-mapping-3.0.8.jar:/home/mankings/.m2/repository/com/datastax/cassandra/cassandra-driver-extras/3.0.8/cassandra-driver-extras-3.0.8.jar:"/>
    <property name="java.vm.vendor" value="Private Build"/>
    <property name="sun.arch.data.model" value="64"/>
    <property name="java.vendor.url" value="Unknown"/>
    <property name="os.name" value="Linux"/>
    <property name="java.vm.specification.version" value="17"/>
    <property name="sun.java.launcher" value="SUN_STANDARD"/>
    <property name="user.country" value="GB"/>
    <property name="sun.boot.library.path" value="/usr/lib/jvm/java-17-openjdk-amd64/lib"/>
    <property name="sun.java.command" value="/home/mankings/Documents/CBD/Lab-3/103341/ex3/target/surefire/surefirebooter689633910214978740.jar /home/mankings/Documents/CBD/Lab-3/103341/ex3/target/surefire 2022-11-27T20-01-10_413-jvmRun1 surefire9812547623142456955tmp surefire_015315372903271675034tmp"/>
    <property name="jdk.debug" value="release"/>
    <property name="surefire.test.class.path" value="/home/mankings/Documents/CBD/Lab-3/103341/ex3/target/test-classes:/home/mankings/Documents/CBD/Lab-3/103341/ex3/target/classes:/home/mankings/.m2/repository/junit/junit/4.11/junit-4.11.jar:/home/mankings/.m2/repository/org/hamcrest/hamcrest-core/1.3/hamcrest-core-1.3.jar:/home/mankings/.m2/repository/com/datastax/cassandra/cassandra-driver-core/3.0.8/cassandra-driver-core-3.0.8.jar:/home/mankings/.m2/repository/io/netty/netty-handler/4.0.37.Final/netty-handler-4.0.37.Final.jar:/home/mankings/.m2/repository/io/netty/netty-buffer/4.0.37.Final/netty-buffer-4.0.37.Final.jar:/home/mankings/.m2/repository/io/netty/netty-common/4.0.37.Final/netty-common-4.0.37.Final.jar:/home/mankings/.m2/repository/io/netty/netty-transport/4.0.37.Final/netty-transport-4.0.37.Final.jar:/home/mankings/.m2/repository/io/netty/netty-codec/4.0.37.Final/netty-codec-4.0.37.Final.jar:/home/mankings/.m2/repository/com/google/guava/guava/16.0.1/guava-16.0.1.jar:/home/mankings/.m2/repository/io/dropwizard/metrics/metrics-core/3.1.2/metrics-core-3.1.2.jar:/home/mankings/.m2/repository/org/slf4j/slf4j-api/1.7.7/slf4j-api-1.7.7.jar:/home/mankings/.m2/repository/com/datastax/cassandra/cassandra-driver-mapping/3.0.8/cassandra-driver-mapping-3.0.8.jar:/home/mankings/.m2/repository/com/datastax/cassandra/cassandra-driver-extras/3.0.8/cassandra-driver-extras-3.0.8.jar:"/>
    <property name="sun.cpu.endian" value="little"/>
    <property name="user.home" value="/home/mankings"/>
    <property name="user.language" value="en"/>
    <property name="java.specification.vendor" value="Oracle Corporation"/>
    <property name="java.version.date" value="2022-10-18"/>
    <property name="java.home" value="/usr/lib/jvm/java-17-openjdk-amd64"/>
    <property name="file.separator" value="/"/>
    <property name="basedir" value="/home/mankings/Documents/CBD/Lab-3/103341/ex3"/>
    <property name="java.vm.compressedOopsMode" value="32-bit"/>
    <property name="line.separator" value="&#10;"/>
    <property name="java.vm.specification.vendor" value="Oracle Corporation"/>
    <property name="java.specification.name" value="Java Platform API Specification"/>
    <property name="surefire.real.class.path" value="/home/mankings/Documents/CBD/Lab-3/103341/ex3/target/surefire/surefirebooter689633910214978740.jar"/>
    <property name="sun.management.compiler" value="HotSpot 64-Bit Tiered Compilers"/>
    <property name="java.runtime.version" value="17.0.5+8-Ubuntu-2ubuntu122.04"/>
    <property name="user.name" value="mankings"/>
    <property name="path.separator" value=":"/>
    <property name="os.version" value="6.0.6-76060006-generic"/>
    <property name="java.runtime.name" value="OpenJDK Runtime Environment"/>
    <property name="file.encoding" value="UTF-8"/>
    <property name="java.vm.name" value="OpenJDK 64-Bit Server VM"/>
    <property name="localRepository" value="/home/mankings/.m2/repository"/>
    <property name="java.vendor.url.bug" value="Unknown"/>
    <property name="java.io.tmpdir" value="/tmp"/>
    <property name="java.version" value="17.0.5"/>
    <property name="user.dir" value="/home/mankings/Documents/CBD/Lab-3/103341/ex3"/>
    <property name="os.arch" value="amd64"/>
    <property name="java.vm.specification.name" value="Java Virtual Machine Specification"/>
    <property name="native.encoding" value="UTF-8"/>
    <property name="java.library.path" value="/usr/java/packages/lib:/usr/lib/x86_64-linux-gnu/jni:/lib/x86_64-linux-gnu:/usr/lib/x86_64-linux-gnu:/usr/lib/jni:/lib:/usr/lib"/>
    <property name="java.vm.info" value="mixed mode, sharing"/>
    <property name="java.vendor" value="Private Build"/>
    <property name="java.vm.version" value="17.0.5+8-Ubuntu-2ubuntu122.04"/>
    <property name="sun.io.unicode.encoding" value="UnicodeLittle"/>
    <property name="java.class.version" value="61.0"/>
  </properties>
  <testcase name="shouldAnswerWithTrue" classname="mankings.cbd.lab3.AppTest" time="0.004"/>
</testsuite>